<?xml version="1.0" encoding="UTF-8"?>
<!-- Generated by org.testng.reporters.JUnitReportReporter -->
<testsuite hostname="DESKTOP-71VF8NF" failures="0" tests="1" name="testcase.addtocart" time="6.593" errors="0" timestamp="2023-11-23T16:48:51 IST" skipped="0">
  <testcase classname="testcase.addtocart" name="VerifyUserIsAbleToAddToCart" time="6.593"/>
</testsuite> <!-- testcase.addtocart -->
