<?xml version="1.0" encoding="UTF-8"?>
<!-- Generated by org.testng.reporters.JUnitReportReporter -->
<testsuite hostname="DESKTOP-71VF8NF" failures="0" tests="1" name="testcase.TabletsAddToCart" time="7.597" errors="0" timestamp="2023-12-05T18:07:18 IST" skipped="0">
  <testcase classname="testcase.TabletsAddToCart" name="tabletsToCart" time="7.597"/>
</testsuite> <!-- testcase.TabletsAddToCart -->
