<?xml version="1.0" encoding="UTF-8"?>
<!-- Generated by org.testng.reporters.JUnitReportReporter -->
<testsuite hostname="DESKTOP-71VF8NF" failures="0" tests="2" name="testcase.Login_demo" time="16.065" errors="0" timestamp="2023-12-05T18:07:18 IST" skipped="0">
  <testcase classname="testcase.Login_demo" name="demoLogin" time="8.349"/>
  <testcase classname="testcase.Login_demo" name="verifyTheUserIsAbleToRegister" time="7.716"/>
</testsuite> <!-- testcase.Login_demo -->
